<?xml version="1.0" encoding="UTF-8"?>
<!-- Generated by org.testng.reporters.JUnitReportReporter -->
<testsuite hostname="Nilforever" failures="0" tests="1" name="testngmaven.WebTestcases" time="2.171" errors="0" timestamp="2024-12-11T17:20:39 IST" skipped="0">
  <testcase classname="testngmaven.WebTestcases" name="InvalidCredentialLoginPage" time="2.171"/>
  <system-out/>
</testsuite> <!-- testngmaven.WebTestcases -->
